{"C:\\Users\\bboyf\\Downloads\\Evidence-Care-Test\\server\\entity\\EmployeeEntity.ts": {"path":"C:\\Users\\bboyf\\Downloads\\Evidence-Care-Test\\server\\entity\\EmployeeEntity.ts","statementMap":{"0":{"start":{"line":9,"column":4},"end":{"line":9,"column":17}},"1":{"start":{"line":10,"column":4},"end":{"line":10,"column":21}},"2":{"start":{"line":11,"column":4},"end":{"line":11,"column":59}},"3":{"start":{"line":12,"column":4},"end":{"line":12,"column":39}},"4":{"start":{"line":13,"column":4},"end":{"line":13,"column":28}},"5":{"start":{"line":17,"column":4},"end":{"line":17,"column":19}},"6":{"start":{"line":21,"column":4},"end":{"line":21,"column":21}},"7":{"start":{"line":25,"column":4},"end":{"line":25,"column":26}},"8":{"start":{"line":29,"column":4},"end":{"line":29,"column":30}},"9":{"start":{"line":33,"column":4},"end":{"line":33,"column":30}},"10":{"start":{"line":37,"column":4},"end":{"line":37,"column":17}},"11":{"start":{"line":38,"column":4},"end":{"line":38,"column":16}},"12":{"start":{"line":42,"column":4},"end":{"line":42,"column":21}},"13":{"start":{"line":43,"column":4},"end":{"line":43,"column":16}},"14":{"start":{"line":47,"column":4},"end":{"line":47,"column":31}},"15":{"start":{"line":48,"column":4},"end":{"line":48,"column":16}},"16":{"start":{"line":52,"column":4},"end":{"line":52,"column":31}},"17":{"start":{"line":53,"column":4},"end":{"line":53,"column":16}},"18":{"start":{"line":57,"column":4},"end":{"line":57,"column":39}},"19":{"start":{"line":58,"column":4},"end":{"line":58,"column":16}},"20":{"start":{"line":1,"column":0},"end":{"line":1,"column":13}}},"fnMap":{"0":{"name":"(anonymous_0)","decl":{"start":{"line":8,"column":2},"end":{"line":8,"column":14}},"loc":{"start":{"line":8,"column":88},"end":{"line":14,"column":3}}},"1":{"name":"(anonymous_1)","decl":{"start":{"line":16,"column":2},"end":{"line":16,"column":7}},"loc":{"start":{"line":16,"column":7},"end":{"line":18,"column":3}}},"2":{"name":"(anonymous_2)","decl":{"start":{"line":20,"column":2},"end":{"line":20,"column":9}},"loc":{"start":{"line":20,"column":9},"end":{"line":22,"column":3}}},"3":{"name":"(anonymous_3)","decl":{"start":{"line":24,"column":2},"end":{"line":24,"column":14}},"loc":{"start":{"line":24,"column":14},"end":{"line":26,"column":3}}},"4":{"name":"(anonymous_4)","decl":{"start":{"line":28,"column":2},"end":{"line":28,"column":18}},"loc":{"start":{"line":28,"column":18},"end":{"line":30,"column":3}}},"5":{"name":"(anonymous_5)","decl":{"start":{"line":32,"column":2},"end":{"line":32,"column":18}},"loc":{"start":{"line":32,"column":18},"end":{"line":34,"column":3}}},"6":{"name":"(anonymous_6)","decl":{"start":{"line":36,"column":2},"end":{"line":36,"column":7}},"loc":{"start":{"line":36,"column":18},"end":{"line":39,"column":3}}},"7":{"name":"(anonymous_7)","decl":{"start":{"line":41,"column":2},"end":{"line":41,"column":9}},"loc":{"start":{"line":41,"column":22},"end":{"line":44,"column":3}}},"8":{"name":"(anonymous_8)","decl":{"start":{"line":46,"column":2},"end":{"line":46,"column":14}},"loc":{"start":{"line":46,"column":32},"end":{"line":49,"column":3}}},"9":{"name":"(anonymous_9)","decl":{"start":{"line":51,"column":2},"end":{"line":51,"column":18}},"loc":{"start":{"line":51,"column":33},"end":{"line":54,"column":3}}},"10":{"name":"(anonymous_10)","decl":{"start":{"line":56,"column":2},"end":{"line":56,"column":18}},"loc":{"start":{"line":56,"column":44},"end":{"line":59,"column":3}}}},"branchMap":{"0":{"loc":{"start":{"line":11,"column":21},"end":{"line":11,"column":58}},"type":"cond-expr","locations":[{"start":{"line":11,"column":42},"end":{"line":11,"column":51}},{"start":{"line":11,"column":54},"end":{"line":11,"column":58}}]}},"s":{"0":55,"1":55,"2":55,"3":55,"4":55,"5":15,"6":11,"7":19,"8":0,"9":0,"10":0,"11":0,"12":0,"13":0,"14":0,"15":0,"16":0,"17":0,"18":0,"19":0,"20":1},"f":{"0":55,"1":15,"2":11,"3":19,"4":0,"5":0,"6":0,"7":0,"8":0,"9":0,"10":0},"b":{"0":[22,33]}}
,"C:\\Users\\bboyf\\Downloads\\Evidence-Care-Test\\server\\helpers\\index.ts": {"path":"C:\\Users\\bboyf\\Downloads\\Evidence-Care-Test\\server\\helpers\\index.ts","statementMap":{"0":{"start":{"line":1,"column":0},"end":{"line":1,"column":52}},"1":{"start":{"line":8,"column":54},"end":{"line":8,"column":56}},"2":{"start":{"line":9,"column":26},"end":{"line":9,"column":28}},"3":{"start":{"line":11,"column":4},"end":{"line":11,"column":22}},"4":{"start":{"line":13,"column":4},"end":{"line":21,"column":7}},"5":{"start":{"line":14,"column":6},"end":{"line":14,"column":37}},"6":{"start":{"line":15,"column":6},"end":{"line":19,"column":null}},"7":{"start":{"line":16,"column":8},"end":{"line":16,"column":40}},"8":{"start":{"line":18,"column":8},"end":{"line":18,"column":41}},"9":{"start":{"line":20,"column":6},"end":{"line":20,"column":49}},"10":{"start":{"line":23,"column":18},"end":{"line":23,"column":44}},"11":{"start":{"line":25,"column":28},"end":{"line":31,"column":5}},"12":{"start":{"line":26,"column":27},"end":{"line":27,"column":null}},"13":{"start":{"line":27,"column":15},"end":{"line":27,"column":52}},"14":{"start":{"line":29,"column":6},"end":{"line":29,"column":67}},"15":{"start":{"line":30,"column":6},"end":{"line":30,"column":22}},"16":{"start":{"line":32,"column":17},"end":{"line":34,"column":27}},"17":{"start":{"line":33,"column":21},"end":{"line":33,"column":46}},"18":{"start":{"line":35,"column":20},"end":{"line":35,"column":24}},"19":{"start":{"line":36,"column":4},"end":{"line":40,"column":7}},"20":{"start":{"line":37,"column":6},"end":{"line":39,"column":null}},"21":{"start":{"line":38,"column":8},"end":{"line":38,"column":26}},"22":{"start":{"line":42,"column":4},"end":{"line":47,"column":10}},"23":{"start":{"line":46,"column":12},"end":{"line":46,"column":76}},"24":{"start":{"line":49,"column":4},"end":{"line":51,"column":7}},"25":{"start":{"line":50,"column":6},"end":{"line":50,"column":62}},"26":{"start":{"line":52,"column":4},"end":{"line":52,"column":33}},"27":{"start":{"line":56,"column":22},"end":{"line":56,"column":24}},"28":{"start":{"line":57,"column":30},"end":{"line":57,"column":32}},"29":{"start":{"line":59,"column":4},"end":{"line":67,"column":7}},"30":{"start":{"line":60,"column":6},"end":{"line":66,"column":null}},"31":{"start":{"line":61,"column":8},"end":{"line":63,"column":null}},"32":{"start":{"line":62,"column":10},"end":{"line":62,"column":32}},"33":{"start":{"line":65,"column":8},"end":{"line":65,"column":26}},"34":{"start":{"line":69,"column":4},"end":{"line":69,"column":22}},"35":{"start":{"line":3,"column":0},"end":{"line":3,"column":13}}},"fnMap":{"0":{"name":"(anonymous_0)","decl":{"start":{"line":4,"column":2},"end":{"line":4,"column":8}},"loc":{"start":{"line":6,"column":16},"end":{"line":53,"column":3}}},"1":{"name":"(anonymous_1)","decl":{"start":{"line":13,"column":17},"end":{"line":13,"column":18}},"loc":{"start":{"line":13,"column":30},"end":{"line":21,"column":5}}},"2":{"name":"(anonymous_2)","decl":{"start":{"line":25,"column":28},"end":{"line":25,"column":29}},"loc":{"start":{"line":25,"column":61},"end":{"line":31,"column":5}}},"3":{"name":"(anonymous_3)","decl":{"start":{"line":27,"column":8},"end":{"line":27,"column":9}},"loc":{"start":{"line":27,"column":15},"end":{"line":27,"column":52}}},"4":{"name":"(anonymous_4)","decl":{"start":{"line":33,"column":14},"end":{"line":33,"column":15}},"loc":{"start":{"line":33,"column":21},"end":{"line":33,"column":46}}},"5":{"name":"(anonymous_5)","decl":{"start":{"line":36,"column":19},"end":{"line":36,"column":20}},"loc":{"start":{"line":36,"column":26},"end":{"line":40,"column":5}}},"6":{"name":"(anonymous_6)","decl":{"start":{"line":45,"column":10},"end":{"line":45,"column":11}},"loc":{"start":{"line":46,"column":12},"end":{"line":46,"column":76}}},"7":{"name":"(anonymous_7)","decl":{"start":{"line":49,"column":18},"end":{"line":49,"column":19}},"loc":{"start":{"line":49,"column":24},"end":{"line":51,"column":5}}},"8":{"name":"(anonymous_8)","decl":{"start":{"line":55,"column":2},"end":{"line":55,"column":8}},"loc":{"start":{"line":55,"column":34},"end":{"line":70,"column":3}}},"9":{"name":"(anonymous_9)","decl":{"start":{"line":59,"column":16},"end":{"line":59,"column":17}},"loc":{"start":{"line":59,"column":30},"end":{"line":67,"column":5}}}},"branchMap":{"0":{"loc":{"start":{"line":15,"column":6},"end":{"line":19,"column":null}},"type":"if","locations":[{"start":{"line":15,"column":6},"end":{"line":19,"column":null}},{"start":{"line":17,"column":13},"end":{"line":19,"column":null}}]},"1":{"loc":{"start":{"line":37,"column":6},"end":{"line":39,"column":null}},"type":"if","locations":[{"start":{"line":37,"column":6},"end":{"line":39,"column":null}}]},"2":{"loc":{"start":{"line":37,"column":10},"end":{"line":37,"column":74}},"type":"binary-expr","locations":[{"start":{"line":37,"column":10},"end":{"line":37,"column":36}},{"start":{"line":37,"column":40},"end":{"line":37,"column":74}}]},"3":{"loc":{"start":{"line":42,"column":13},"end":{"line":46,"column":null}},"type":"cond-expr","locations":[{"start":{"line":43,"column":8},"end":{"line":43,"column":14}},{"start":{"line":44,"column":8},"end":{"line":46,"column":null}}]},"4":{"loc":{"start":{"line":46,"column":12},"end":{"line":46,"column":76}},"type":"binary-expr","locations":[{"start":{"line":46,"column":12},"end":{"line":46,"column":38}},{"start":{"line":46,"column":42},"end":{"line":46,"column":76}}]},"5":{"loc":{"start":{"line":60,"column":6},"end":{"line":66,"column":null}},"type":"if","locations":[{"start":{"line":60,"column":6},"end":{"line":66,"column":null}},{"start":{"line":64,"column":13},"end":{"line":66,"column":null}}]},"6":{"loc":{"start":{"line":61,"column":8},"end":{"line":63,"column":null}},"type":"if","locations":[{"start":{"line":61,"column":8},"end":{"line":63,"column":null}}]}},"s":{"0":1,"1":0,"2":0,"3":0,"4":0,"5":0,"6":0,"7":0,"8":0,"9":0,"10":0,"11":0,"12":0,"13":0,"14":0,"15":0,"16":0,"17":0,"18":0,"19":0,"20":0,"21":0,"22":0,"23":0,"24":0,"25":0,"26":0,"27":0,"28":0,"29":0,"30":0,"31":0,"32":0,"33":0,"34":0,"35":1},"f":{"0":0,"1":0,"2":0,"3":0,"4":0,"5":0,"6":0,"7":0,"8":0,"9":0},"b":{"0":[0,0],"1":[0],"2":[0,0],"3":[0,0],"4":[0,0],"5":[0,0],"6":[0]}}
,"C:\\Users\\bboyf\\Downloads\\Evidence-Care-Test\\server\\services\\EmployeeService.ts": {"path":"C:\\Users\\bboyf\\Downloads\\Evidence-Care-Test\\server\\services\\EmployeeService.ts","statementMap":{"0":{"start":{"line":1,"column":0},"end":{"line":1,"column":52}},"1":{"start":{"line":2,"column":0},"end":{"line":2,"column":37}},"2":{"start":{"line":56,"column":14},"end":{"line":82,"column":2}},"3":{"start":{"line":84,"column":30},"end":{"line":85,"column":null}},"4":{"start":{"line":85,"column":12},"end":{"line":85,"column":67}},"5":{"start":{"line":90,"column":4},"end":{"line":90,"column":21}},"6":{"start":{"line":94,"column":4},"end":{"line":96,"column":6}},"7":{"start":{"line":95,"column":20},"end":{"line":95,"column":75}},"8":{"start":{"line":100,"column":4},"end":{"line":100,"column":65}},"9":{"start":{"line":100,"column":40},"end":{"line":100,"column":63}},"10":{"start":{"line":104,"column":4},"end":{"line":104,"column":74}},"11":{"start":{"line":104,"column":42},"end":{"line":104,"column":72}},"12":{"start":{"line":108,"column":21},"end":{"line":108,"column":64}},"13":{"start":{"line":108,"column":43},"end":{"line":108,"column":63}},"14":{"start":{"line":109,"column":4},"end":{"line":109,"column":63}},"15":{"start":{"line":113,"column":21},"end":{"line":113,"column":64}},"16":{"start":{"line":113,"column":43},"end":{"line":113,"column":63}},"17":{"start":{"line":114,"column":4},"end":{"line":116,"column":14}},"18":{"start":{"line":115,"column":30},"end":{"line":115,"column":67}},"19":{"start":{"line":123,"column":19},"end":{"line":123,"column":39}},"20":{"start":{"line":124,"column":4},"end":{"line":150,"column":null}},"21":{"start":{"line":148,"column":36},"end":{"line":148,"column":75}},"22":{"start":{"line":149,"column":6},"end":{"line":149,"column":35}},"23":{"start":{"line":151,"column":4},"end":{"line":151,"column":45}},"24":{"start":{"line":88,"column":0},"end":{"line":88,"column":13}}},"fnMap":{"0":{"name":"(anonymous_0)","decl":{"start":{"line":85,"column":2},"end":{"line":85,"column":3}},"loc":{"start":{"line":85,"column":12},"end":{"line":85,"column":67}}},"1":{"name":"(anonymous_1)","decl":{"start":{"line":89,"column":2},"end":{"line":89,"column":8}},"loc":{"start":{"line":89,"column":15},"end":{"line":91,"column":3}}},"2":{"name":"(anonymous_2)","decl":{"start":{"line":93,"column":2},"end":{"line":93,"column":8}},"loc":{"start":{"line":93,"column":31},"end":{"line":97,"column":3}}},"3":{"name":"(anonymous_3)","decl":{"start":{"line":95,"column":6},"end":{"line":95,"column":7}},"loc":{"start":{"line":95,"column":20},"end":{"line":95,"column":75}}},"4":{"name":"(anonymous_4)","decl":{"start":{"line":99,"column":2},"end":{"line":99,"column":8}},"loc":{"start":{"line":99,"column":27},"end":{"line":101,"column":3}}},"5":{"name":"(anonymous_5)","decl":{"start":{"line":100,"column":26},"end":{"line":100,"column":27}},"loc":{"start":{"line":100,"column":40},"end":{"line":100,"column":63}}},"6":{"name":"(anonymous_6)","decl":{"start":{"line":103,"column":2},"end":{"line":103,"column":8}},"loc":{"start":{"line":103,"column":34},"end":{"line":105,"column":3}}},"7":{"name":"(anonymous_7)","decl":{"start":{"line":104,"column":28},"end":{"line":104,"column":29}},"loc":{"start":{"line":104,"column":42},"end":{"line":104,"column":72}}},"8":{"name":"(anonymous_8)","decl":{"start":{"line":107,"column":2},"end":{"line":107,"column":8}},"loc":{"start":{"line":107,"column":32},"end":{"line":110,"column":3}}},"9":{"name":"(anonymous_9)","decl":{"start":{"line":108,"column":36},"end":{"line":108,"column":37}},"loc":{"start":{"line":108,"column":43},"end":{"line":108,"column":63}}},"10":{"name":"(anonymous_10)","decl":{"start":{"line":112,"column":2},"end":{"line":112,"column":8}},"loc":{"start":{"line":112,"column":38},"end":{"line":117,"column":3}}},"11":{"name":"(anonymous_11)","decl":{"start":{"line":113,"column":36},"end":{"line":113,"column":37}},"loc":{"start":{"line":113,"column":43},"end":{"line":113,"column":63}}},"12":{"name":"(anonymous_12)","decl":{"start":{"line":115,"column":23},"end":{"line":115,"column":24}},"loc":{"start":{"line":115,"column":30},"end":{"line":115,"column":67}}},"13":{"name":"(anonymous_13)","decl":{"start":{"line":119,"column":2},"end":{"line":119,"column":8}},"loc":{"start":{"line":119,"column":29},"end":{"line":152,"column":3}}}},"branchMap":{"0":{"loc":{"start":{"line":109,"column":11},"end":{"line":109,"column":62}},"type":"cond-expr","locations":[{"start":{"line":109,"column":22},"end":{"line":109,"column":54}},{"start":{"line":109,"column":57},"end":{"line":109,"column":62}}]},"1":{"loc":{"start":{"line":114,"column":11},"end":{"line":116,"column":13}},"type":"cond-expr","locations":[{"start":{"line":115,"column":8},"end":{"line":115,"column":68}},{"start":{"line":116,"column":8},"end":{"line":116,"column":13}}]},"2":{"loc":{"start":{"line":124,"column":4},"end":{"line":150,"column":null}},"type":"if","locations":[{"start":{"line":124,"column":4},"end":{"line":150,"column":null}}]}},"s":{"0":1,"1":1,"2":1,"3":1,"4":5,"5":0,"6":1,"7":5,"8":2,"9":8,"10":2,"11":10,"12":2,"13":3,"14":2,"15":2,"16":3,"17":2,"18":7,"19":0,"20":0,"21":0,"22":0,"23":0,"24":1},"f":{"0":5,"1":0,"2":1,"3":5,"4":2,"5":8,"6":2,"7":10,"8":2,"9":3,"10":2,"11":3,"12":7,"13":0},"b":{"0":[2,0],"1":[2,0],"2":[0]}}
}
