TN:
SF:entity\EmployeeEntity.ts
FN:8,(anonymous_0)
FN:16,(anonymous_1)
FN:20,(anonymous_2)
FN:24,(anonymous_3)
FN:28,(anonymous_4)
FN:32,(anonymous_5)
FN:36,(anonymous_6)
FN:41,(anonymous_7)
FN:46,(anonymous_8)
FN:51,(anonymous_9)
FN:56,(anonymous_10)
FNF:11
FNH:4
FNDA:55,(anonymous_0)
FNDA:15,(anonymous_1)
FNDA:11,(anonymous_2)
FNDA:19,(anonymous_3)
FNDA:0,(anonymous_4)
FNDA:0,(anonymous_5)
FNDA:0,(anonymous_6)
FNDA:0,(anonymous_7)
FNDA:0,(anonymous_8)
FNDA:0,(anonymous_9)
FNDA:0,(anonymous_10)
DA:1,1
DA:9,55
DA:10,55
DA:11,55
DA:12,55
DA:13,55
DA:17,15
DA:21,11
DA:25,19
DA:29,0
DA:33,0
DA:37,0
DA:38,0
DA:42,0
DA:43,0
DA:47,0
DA:48,0
DA:52,0
DA:53,0
DA:57,0
DA:58,0
LF:21
LH:9
BRDA:11,0,0,22
BRDA:11,0,1,33
BRF:2
BRH:2
end_of_record
TN:
SF:helpers\index.ts
FN:4,(anonymous_0)
FN:13,(anonymous_1)
FN:25,(anonymous_2)
FN:27,(anonymous_3)
FN:33,(anonymous_4)
FN:36,(anonymous_5)
FN:45,(anonymous_6)
FN:49,(anonymous_7)
FN:55,(anonymous_8)
FN:59,(anonymous_9)
FNF:10
FNH:0
FNDA:0,(anonymous_0)
FNDA:0,(anonymous_1)
FNDA:0,(anonymous_2)
FNDA:0,(anonymous_3)
FNDA:0,(anonymous_4)
FNDA:0,(anonymous_5)
FNDA:0,(anonymous_6)
FNDA:0,(anonymous_7)
FNDA:0,(anonymous_8)
FNDA:0,(anonymous_9)
DA:1,1
DA:3,1
DA:8,0
DA:9,0
DA:11,0
DA:13,0
DA:14,0
DA:15,0
DA:16,0
DA:18,0
DA:20,0
DA:23,0
DA:25,0
DA:26,0
DA:27,0
DA:29,0
DA:30,0
DA:32,0
DA:33,0
DA:35,0
DA:36,0
DA:37,0
DA:38,0
DA:42,0
DA:46,0
DA:49,0
DA:50,0
DA:52,0
DA:56,0
DA:57,0
DA:59,0
DA:60,0
DA:61,0
DA:62,0
DA:65,0
DA:69,0
LF:36
LH:2
BRDA:15,0,0,0
BRDA:15,0,1,0
BRDA:37,1,0,0
BRDA:37,2,0,0
BRDA:37,2,1,0
BRDA:42,3,0,0
BRDA:42,3,1,0
BRDA:46,4,0,0
BRDA:46,4,1,0
BRDA:60,5,0,0
BRDA:60,5,1,0
BRDA:61,6,0,0
BRF:12
BRH:0
end_of_record
TN:
SF:services\EmployeeService.ts
FN:85,(anonymous_0)
FN:89,(anonymous_1)
FN:93,(anonymous_2)
FN:95,(anonymous_3)
FN:99,(anonymous_4)
FN:100,(anonymous_5)
FN:103,(anonymous_6)
FN:104,(anonymous_7)
FN:107,(anonymous_8)
FN:108,(anonymous_9)
FN:112,(anonymous_10)
FN:113,(anonymous_11)
FN:115,(anonymous_12)
FN:119,(anonymous_13)
FNF:14
FNH:12
FNDA:5,(anonymous_0)
FNDA:0,(anonymous_1)
FNDA:1,(anonymous_2)
FNDA:5,(anonymous_3)
FNDA:2,(anonymous_4)
FNDA:8,(anonymous_5)
FNDA:2,(anonymous_6)
FNDA:10,(anonymous_7)
FNDA:2,(anonymous_8)
FNDA:3,(anonymous_9)
FNDA:2,(anonymous_10)
FNDA:3,(anonymous_11)
FNDA:7,(anonymous_12)
FNDA:0,(anonymous_13)
DA:1,1
DA:2,1
DA:56,1
DA:84,1
DA:85,5
DA:88,1
DA:90,0
DA:94,1
DA:95,5
DA:100,8
DA:104,10
DA:108,3
DA:109,2
DA:113,3
DA:114,2
DA:115,7
DA:123,0
DA:124,0
DA:148,0
DA:149,0
DA:151,0
LF:21
LH:15
BRDA:109,0,0,2
BRDA:109,0,1,0
BRDA:114,1,0,2
BRDA:114,1,1,0
BRDA:124,2,0,0
BRF:5
BRH:2
end_of_record
